MPASM  5.51                          MAIN.ASM   2-11-2020  12:05:09         PAGE  1


LOC  OBJECT CODE     LINE SOURCE TEXT
  VALUE

                      00001 #include <p16f887.inc>
                      00001         LIST
                      00002 
                      00003 ;==========================================================================
                      00004 ;  MPASM PIC16F887 processor include
                      00005 ; 
                      00006 ;  (c) Copyright 1999-2013 Microchip Technology, All rights reserved
                      00007 ;==========================================================================
                      00008 
                      00809         LIST
                      00002 #define  button PORTB, RB0
Warning[205]: Found directive in column 1. (list)
                      00003 list p=16f887
Warning[205]: Found directive in column 1. (__CONFIG)
2007   2FF4           00004 __CONFIG _CONFIG1, 0x2FF4
Warning[205]: Found directive in column 1. (__CONFIG)
2008   3FFF           00005 __CONFIG _CONFIG2, 0x3FFF
                      00006         cblock 0x20
  00000020            00007                 led_cnt
  00000021            00008                 cnt_1
  00000022            00009                 cnt_2
  00000023            00010                 _wreg
  00000024            00011                 _status
  00000025            00012                 timer_counter_5s
  00000026            00013                 timer_counter_500ms
  00000027            00014                 level ; level:
                      00015                           ;     0 = hard
                      00016                           ; 1 = easy
  00000028            00017                 sequency
  00000029            00018                 move
  0000002A            00019                 last_move
  0000002B            00020                 last_input
  0000002C            00021                 timeout ;0- Não Ocorreu
                      00022                                 ;1- Ocorreu
  0000002D            00023                 current_move
                      00024         endc
                      00025         
Warning[207]: Found label after column 1. (HARD_TIMEOUT)
  00000003            00026         HARD_TIMEOUT    EQU     .3
Warning[207]: Found label after column 1. (EASY_TIMEOUT)
  00000005            00027         EASY_TIMEOUT    EQU     .5      
Warning[207]: Found label after column 1. (MOVE_BASE_ADDR)
  0000005F            00028         MOVE_BASE_ADDR  EQU 0x5F
Warning[207]: Found label after column 1. (TMR0_50MS)
  0000003D            00029         TMR0_50MS       EQU .61
Warning[207]: Found label after column 1. (LED_RED)
  00000001            00030         LED_RED         EQU B'00000001'
Warning[207]: Found label after column 1. (LED_YELLOW)
  00000002            00031         LED_YELLOW      EQU     B'00000010'
Warning[207]: Found label after column 1. (LED_GREEN)
  00000004            00032         LED_GREEN       EQU     B'00000100'
Warning[207]: Found label after column 1. (LED_BLUE)
  00000008            00033         LED_BLUE        EQU     B'00001000'
MPASM  5.51                          MAIN.ASM   2-11-2020  12:05:09         PAGE  2


LOC  OBJECT CODE     LINE SOURCE TEXT
  VALUE

                      00034         
0000                  00035         org             0x00    ; reset vector
0000   2816           00036         goto    Start
                      00037         
0004                  00038         org             0x04    ;interrupt vector
0004   00A3           00039         movwf   _wreg
0005   0E03           00040         swapf   STATUS, W
0006   00A4           00041         movwf   _status
0007   0183           00042         clrf    STATUS
0008   190B           00043         btfsc   INTCON, T0IF    ; T0IF==1?
0009   280B           00044         goto    Timer0Interrupt ;yes
000A   2811           00045         goto    ExitInterrupt   ;no
                      00046 
000B                  00047 Timer0Interrupt:
000B   110B           00048         bcf             INTCON, T0IF
000C   0AA5           00049         incf    timer_counter_5s, F     
000D   0AA6           00050         incf    timer_counter_500ms, F
000E   303D           00051         movlw   TMR0_50MS
000F   0081           00052         movwf   TMR0                    ;reset tmr0 counter     
0010   2811           00053         goto    ExitInterrupt
                      00054 
0011                  00055 ExitInterrupt:
0011   0E24           00056         swapf   _status, W
0012   0083           00057         movwf   STATUS
0013   0EA3           00058         swapf   _wreg, F
0014   0E23           00059         swapf   _wreg, W
0015   0009           00060         retfie
                      00061         
0016                  00062 Start:
                      00063         ;------TESTE SUB---------
                      00064         ;movlw  .1
                      00065         ;sublw  .1
                      00066         
                      00067         ;----- I/O config ------
0016   01A5           00068         clrf    timer_counter_5s
0017   01A6           00069         clrf    timer_counter_500ms
0018   1683           00070         bsf     STATUS, RP0     ; change to bank1
0019   30F0           00071         movlw   B'11110000'
Message[302]: Register in operand not in bank 0.  Ensure that bank bits are correct.
001A   0085           00072         movwf   TRISA           ; config RA0-R3 as ouput
                      00073                                                 ; and RA4-RA7 as input
Message[302]: Register in operand not in bank 0.  Ensure that bank bits are correct.
001B   1006           00074         bcf             TRISB, TRISB0   ; config RB0 as input - start
Message[302]: Register in operand not in bank 0.  Ensure that bank bits are correct.
001C   1086           00075         bcf             TRISB, TRISB1   ; config RB1 as input - level
001D   1703           00076         bsf     STATUS, RP1     ; change to bank3
Message[302]: Register in operand not in bank 0.  Ensure that bank bits are correct.
001E   0188           00077         clrf    ANSEL           ; configure all PORTA,
                      00078                                                 ; pins as digital I/O
Message[302]: Register in operand not in bank 0.  Ensure that bank bits are correct.
001F   0189           00079         clrf    ANSELH          ; PORTB pins as digital I/O
                      00080         ;------TMR0 configuration-----------
                      00081         ;INTCON, TMR0, OPTION_REG
MPASM  5.51                          MAIN.ASM   2-11-2020  12:05:09         PAGE  3


LOC  OBJECT CODE     LINE SOURCE TEXT
  VALUE

                      00082         ;OPTION_REG: 
                      00083         ;T0CS=0(INTOSC/4)
                      00084         ;PSA= 0 (prescaler TMR0) 
                      00085         ;PS= 111
0020   1303           00086         bcf             STATUS, RP1             ; change to bank1
0021   3007           00087         movlw   b'00000111'
Message[302]: Register in operand not in bank 0.  Ensure that bank bits are correct.
0022   0481           00088         iorwf   OPTION_REG, F   ; set PSA<2:0>
0023   30D7           00089         movlw   b'11010111'     
Message[302]: Register in operand not in bank 0.  Ensure that bank bits are correct.
0024   0581           00090         andwf   OPTION_REG, F   ; clear T0CS, PSA
0025   1283           00091         bcf             STATUS, RP0             ; change to bank0
0026   303D           00092         movlw   .61
0027   0081           00093         movwf   TMR0
0028   110B           00094         bcf             INTCON, T0IF    ; clear interrupt flag
0029   168B           00095         bsf             INTCON, T0IE    ; enable TMR0 interrut
002A   178B           00096         bsf             INTCON, GIE             ; enable interrupts
002B   2074           00097         call    RotinaInicializacao
002C   305F           00098         movlw   MOVE_BASE_ADDR
002D   0084           00099         movwf   FSR
002E   1383           00100         bcf             STATUS, IRP
002F   01AA           00101         clrf    last_move
                      00102         
0030                  00103 Main:
0030   1806           00104         btfsc   button          ; button start pressed?
0031   2830           00105         goto    Main
0032   0801           00106         movf    TMR0, W
0033   00A9           00107         movwf   move            ; copy TMR0 to move
0034   01A8           00108         clrf    sequency        ; sequency = 0
0035   1886           00109         btfsc   PORTB, RB1      ; level select
0036   2838           00110         goto    LevelEasy
0037   283A           00111         goto    LevelHard
0038                  00112 LevelEasy:
0038   1027           00113         bcf             level, 0
0039   283C           00114         goto    Main_Loop
003A                  00115 LevelHard:
003A   1427           00116         bsf             level, 0        
003B   283C           00117         goto    Main_Loop
                      00118         
003C                  00119 Main_Loop:
003C   203F           00120         call    SorteiaNumero
003D   2051           00121         call    StoreNumber
003E   2830           00122         goto    Main
                      00123 
                      00124 ;-------------
                      00125 ;Recebe move    
003F                  00126 SorteiaNumero:
003F   3003           00127         movlw   0x03
Message[305]: Using default destination of 1 (file).
0040   05A9           00128         andwf   move    ;clear bits <7:2>
                      00129         
0041   3000           00130         movlw   .0
0042   0229           00131         subwf   move, W
MPASM  5.51                          MAIN.ASM   2-11-2020  12:05:09         PAGE  4


LOC  OBJECT CODE     LINE SOURCE TEXT
  VALUE

0043   1903           00132         btfsc   STATUS, Z
0044   3401           00133         retlw   LED_RED
                      00134         
0045   3001           00135         movlw   .1
0046   0229           00136         subwf   move, W
0047   1903           00137         btfsc   STATUS, Z
0048   3402           00138         retlw   LED_YELLOW
                      00139         
0049   3002           00140         movlw   .2
004A   0229           00141         subwf   move, W
004B   1903           00142         btfsc   STATUS, Z
004C   3404           00143         retlw   LED_GREEN
                      00144         
004D   3003           00145         movlw   .3
004E   0229           00146         subwf   move, W
004F   1903           00147         btfsc   STATUS, Z
0050   3408           00148         retlw   LED_BLUE
                      00149 
0051                  00150 StoreNumber:
0051   0080           00151         movwf   INDF
0052   0A84           00152         incf    FSR,F
0053   0AAA           00153         incf    last_move,F
0054   0008           00154         return
                      00155 
0055                  00156 EntradaMovimento:
0055   1303           00157         bcf             STATUS,RP1
0056   1283           00158         bcf             STATUS,RP0 ; voltando para o banco 0
0057   01AB           00159         clrf    last_input
0058   305F           00160         movlw   MOVE_BASE_ADDR
0059   0084           00161         movwf   FSR             ; Setando o a base de endereço, apontando
                      00162                                         ; pro inicio.
005A                  00163 InputLoop:
005A   0808           00164         movf    PORTD, W
005B   390F           00165         andlw   0x0F    ; Limpando do RD<7:4>
005C   3C00           00166         sublw   0x00    ; Verificar se algum botão foi apertado 
005D   1903           00167         btfsc   STATUS,Z        ;Se a subtração for 0, Z==1, então 
                      00168                                                 ;Então estou testando se algum botão
                      00169                                                 ;foi apertado 
005E   2860           00170         goto    ButtonNotPressed
005F   2863           00171         goto    ButtonPressed
                      00172 
0060                  00173 ButtonNotPressed:
0060   1C2C           00174         btfss   timeout, 0      ;ocorreu um timeout?
0061   285A           00175         goto    InputLoop ; Não
0062   0008           00176         return
                      00177         
0063                  00178 ButtonPressed:
0063   00AD           00179         movwf   current_move; Armazena o conteudo do botão
0064   206F           00180         call    CompareInput;
0065   3C00           00181         sublw   .0
0066   1D03           00182         btfss   STATUS, Z               ;Botão Correto pressionado?
0067   0008           00183         return                                  ; Naão
0068   0AAB           00184         incf    last_input,F    ;sim
MPASM  5.51                          MAIN.ASM   2-11-2020  12:05:09         PAGE  5


LOC  OBJECT CODE     LINE SOURCE TEXT
  VALUE

0069   0A84           00185         incf    FSR, F
                      00186         
006A   082B           00187         movf    last_input,W
006B   022A           00188         subwf   last_move, W
006C   1803           00189         btfsc   STATUS, C       ;last_input > last_move?
006D   0008           00190         return
006E   285A           00191         goto    InputLoop
                      00192         
                      00193         
                      00194 
                      00195 
006F                  00196 CompareInput:
Message[305]: Using default destination of 1 (file).
006F   08AD           00197         movf    current_move
                      00198         ;movlw  LED_RED
0070   0200           00199         subwf   INDF, W
0071   1D03           00200         btfss   STATUS, Z
0072   3400           00201         retlw   .0              ; apertou botão errado 
0073   342D           00202         retlw   current_move
                      00203         
                      00204         
                      00205         
                      00206         
                      00207         
                      00208         
                      00209         
                      00210         
                      00211 
                      00212         
0074                  00213 RotinaInicializacao:
0074   1303           00214         bcf     STATUS, RP1
0075   1283           00215         bcf     STATUS, RP0 ; change to bank0
0076   300F           00216         movlw   0x0F                    
0077   0085           00217         movwf   PORTA           ; set pins RA0-RA3
0078   2093           00218         call    Delay_1s        ; call delay function                   
0079   01A0           00219         clrf    led_cnt         ; led_cnt = 0
                      00220         
007A                  00221 LedCountLoop:
007A   0185           00222         clrf    PORTA           ; clear pins RA0-RA3
007B   3000           00223         movlw   .0
007C   0220           00224         subwf   led_cnt, W
007D   1903           00225         btfsc   STATUS, Z       ; led_cnt=0?
007E   1405           00226         bsf     PORTA, RA0      ; yes
                      00227         
007F   3001           00228         movlw   .1
0080   0220           00229         subwf   led_cnt, W
0081   1903           00230         btfsc   STATUS, Z       ; led_cnt=1?
0082   1485           00231         bsf     PORTA, RA1      ; yes
                      00232                                         
0083   3002           00233         movlw   .2
0084   0220           00234         subwf   led_cnt, W
0085   1903           00235         btfsc   STATUS, Z       ; led_cnt=1?
0086   1505           00236         bsf     PORTA, RA2      ; yes
MPASM  5.51                          MAIN.ASM   2-11-2020  12:05:09         PAGE  6


LOC  OBJECT CODE     LINE SOURCE TEXT
  VALUE

                      00237         
0087   3003           00238         movlw   .3
0088   0220           00239         subwf   led_cnt, W
0089   1903           00240         btfsc   STATUS, Z       ; led_cnt=1?
008A   1585           00241         bsf     PORTA, RA3      ; yes
                      00242         
008B   209F           00243         call    Delay_200ms                                                             
008C   0AA0           00244         incf    led_cnt, F      ; incrementa led_cnt
                      00245         
008D   3004           00246         movlw   .4
008E   0220           00247         subwf   led_cnt, W      
008F   1D03           00248         btfss   STATUS, Z       ; led_cnt=4?
0090   287A           00249         goto    LedCountLoop            ; no
0091   0185           00250         clrf    PORTA           ; yes
0092   0008           00251         return
                      00252 ;---------------------CALCULO DE DELAY---------------------
                      00253 
                      00254         
0093                  00255 Delay_1s:
0093   209F           00256         call    Delay_200ms
0094   209F           00257         call    Delay_200ms
0095   209F           00258         call    Delay_200ms
0096   209F           00259         call    Delay_200ms
0097   209F           00260         call    Delay_200ms
0098   0008           00261         return
                      00262         
0099                  00263 Delay_1ms:
0099   30F8           00264         movlw   .248
009A   00A1           00265         movwf   cnt_1
009B                  00266 Delay1:
009B   0000           00267         nop
009C   0BA1           00268         decfsz  cnt_1, F        ;decrement cnt_1
009D   289B           00269         goto    Delay1
009E   0008           00270         return                          ; cnt equals 0
                      00271 
009F                  00272 Delay_200ms:
009F   30C8           00273         movlw   .200
00A0   00A2           00274         movwf   cnt_2
00A1                  00275 Delay2:
00A1   2099           00276         call    Delay_1ms
00A2   0BA2           00277         decfsz  cnt_2, F
00A3   28A1           00278         goto    Delay2  
00A4   0008           00279         return
                      00280         
                      00281         end
MPASM  5.51                          MAIN.ASM   2-11-2020  12:05:09         PAGE  7


SYMBOL TABLE
  LABEL                             VALUE 

ABDEN                             00000000
ABDOVF                            00000007
ACKDT                             00000005
ACKEN                             00000004
ACKSTAT                           00000006
ADCON0                            0000001F
ADCON1                            0000009F
ADCS0                             00000006
ADCS1                             00000007
ADDEN                             00000003
ADFM                              00000007
ADIE                              00000006
ADIF                              00000006
ADON                              00000000
ADRESH                            0000001E
ADRESL                            0000009E
ANS0                              00000000
ANS1                              00000001
ANS10                             00000002
ANS11                             00000003
ANS12                             00000004
ANS13                             00000005
ANS2                              00000002
ANS3                              00000003
ANS4                              00000004
ANS5                              00000005
ANS6                              00000006
ANS7                              00000007
ANS8                              00000000
ANS9                              00000001
ANSEL                             00000188
ANSELH                            00000189
BAUDCTL                           00000187
BCLIE                             00000003
BCLIF                             00000003
BF                                00000000
BRG0                              00000000
BRG1                              00000001
BRG10                             00000002
BRG11                             00000003
BRG12                             00000004
BRG13                             00000005
BRG14                             00000006
BRG15                             00000007
BRG16                             00000003
BRG2                              00000002
BRG3                              00000003
BRG4                              00000004
BRG5                              00000005
BRG6                              00000006
BRG7                              00000007
BRG8                              00000000
BRG9                              00000001
MPASM  5.51                          MAIN.ASM   2-11-2020  12:05:09         PAGE  8


SYMBOL TABLE
  LABEL                             VALUE 

BRGH                              00000002
ButtonNotPressed                  00000060
ButtonPressed                     00000063
C                                 00000000
C1CH0                             00000000
C1CH1                             00000001
C1IE                              00000005
C1IF                              00000005
C1OE                              00000005
C1ON                              00000007
C1OUT                             00000006
C1POL                             00000004
C1R                               00000002
C1RSEL                            00000005
C1SEN                             00000005
C2CH0                             00000000
C2CH1                             00000001
C2IE                              00000006
C2IF                              00000006
C2OE                              00000005
C2ON                              00000007
C2OUT                             00000006
C2POL                             00000004
C2R                               00000002
C2REN                             00000004
C2RSEL                            00000004
C2SYNC                            00000000
CCP1CON                           00000017
CCP1IE                            00000002
CCP1IF                            00000002
CCP1M0                            00000000
CCP1M1                            00000001
CCP1M2                            00000002
CCP1M3                            00000003
CCP1X                             00000005
CCP1Y                             00000004
CCP2CON                           0000001D
CCP2IE                            00000000
CCP2IF                            00000000
CCP2M0                            00000000
CCP2M1                            00000001
CCP2M2                            00000002
CCP2M3                            00000003
CCP2X                             00000005
CCP2Y                             00000004
CCPR1                             00000015
CCPR1H                            00000016
CCPR1L                            00000015
CCPR2                             0000001B
CCPR2H                            0000001C
CCPR2L                            0000001B
CHS0                              00000002
CHS1                              00000003
MPASM  5.51                          MAIN.ASM   2-11-2020  12:05:09         PAGE  9


SYMBOL TABLE
  LABEL                             VALUE 

CHS2                              00000004
CHS3                              00000005
CKE                               00000006
CKP                               00000004
CM1CON0                           00000107
CM2CON0                           00000108
CM2CON1                           00000109
CREN                              00000004
CSRC                              00000007
CompareInput                      0000006F
D                                 00000005
DATA_ADDRESS                      00000005
DC                                00000001
DC1B0                             00000004
DC1B1                             00000005
DC2B0                             00000004
DC2B1                             00000005
D_A                               00000005
D_NOT_A                           00000005
Delay1                            0000009B
Delay2                            000000A1
Delay_1ms                         00000099
Delay_1s                          00000093
Delay_200ms                       0000009F
EASY_TIMEOUT                      00000005
ECCPAS                            0000009C
ECCPAS0                           00000004
ECCPAS1                           00000005
ECCPAS2                           00000006
ECCPASE                           00000007
EEADR                             0000010D
EEADRH                            0000010F
EECON1                            0000018C
EECON2                            0000018D
EEDAT                             0000010C
EEDATA                            0000010C
EEDATH                            0000010E
EEIE                              00000004
EEIF                              00000004
EEPGD                             00000007
EntradaMovimento                  00000055
ExitInterrupt                     00000011
F                                 00000001
FERR                              00000002
FSR                               00000004
FVREN                             00000000
GCEN                              00000007
GIE                               00000007
GO                                00000001
GO_DONE                           00000001
GO_NOT_DONE                       00000001
HARD_TIMEOUT                      00000003
HTS                               00000002
MPASM  5.51                          MAIN.ASM   2-11-2020  12:05:09         PAGE 10


SYMBOL TABLE
  LABEL                             VALUE 

I2C_DATA                          00000005
I2C_READ                          00000002
I2C_START                         00000003
I2C_STOP                          00000004
INDF                              00000000
INTCON                            0000000B
INTE                              00000004
INTEDG                            00000006
INTF                              00000001
IOCB                              00000096
IOCB0                             00000000
IOCB1                             00000001
IOCB2                             00000002
IOCB3                             00000003
IOCB4                             00000004
IOCB5                             00000005
IOCB6                             00000006
IOCB7                             00000007
IRCF0                             00000004
IRCF1                             00000005
IRCF2                             00000006
IRP                               00000007
InputLoop                         0000005A
LED_BLUE                          00000008
LED_GREEN                         00000004
LED_RED                           00000001
LED_YELLOW                        00000002
LTS                               00000001
LedCountLoop                      0000007A
LevelEasy                         00000038
LevelHard                         0000003A
MC1OUT                            00000007
MC2OUT                            00000006
MOVE_BASE_ADDR                    0000005F
MSK                               00000093
MSK0                              00000000
MSK1                              00000001
MSK2                              00000002
MSK3                              00000003
MSK4                              00000004
MSK5                              00000005
MSK6                              00000006
MSK7                              00000007
Main                              00000030
Main_Loop                         0000003C
NOT_A                             00000005
NOT_ADDRESS                       00000005
NOT_BO                            00000000
NOT_BOR                           00000000
NOT_DONE                          00000001
NOT_PD                            00000003
NOT_POR                           00000001
NOT_RBPU                          00000007
MPASM  5.51                          MAIN.ASM   2-11-2020  12:05:09         PAGE 11


SYMBOL TABLE
  LABEL                             VALUE 

NOT_RC8                           00000006
NOT_T1SYNC                        00000002
NOT_TO                            00000004
NOT_TX8                           00000006
NOT_W                             00000002
NOT_WRITE                         00000002
OERR                              00000001
OPTION_REG                        00000081
OSCCON                            0000008F
OSCTUNE                           00000090
OSFIE                             00000007
OSFIF                             00000007
OSTS                              00000003
P                                 00000004
P1M0                              00000006
P1M1                              00000007
PCL                               00000002
PCLATH                            0000000A
PCON                              0000008E
PDC0                              00000000
PDC1                              00000001
PDC2                              00000002
PDC3                              00000003
PDC4                              00000004
PDC5                              00000005
PDC6                              00000006
PEIE                              00000006
PEN                               00000002
PIE1                              0000008C
PIE2                              0000008D
PIR1                              0000000C
PIR2                              0000000D
PORTA                             00000005
PORTB                             00000006
PORTC                             00000007
PORTD                             00000008
PORTE                             00000009
PR2                               00000092
PRSEN                             00000007
PS0                               00000000
PS1                               00000001
PS2                               00000002
PSA                               00000003
PSSAC0                            00000002
PSSAC1                            00000003
PSSBD0                            00000000
PSSBD1                            00000001
PSTRCON                           0000009D
PULSR                             00000002
PULSS                             00000003
PWM1CON                           0000009B
R                                 00000002
RA0                               00000000
MPASM  5.51                          MAIN.ASM   2-11-2020  12:05:09         PAGE 12


SYMBOL TABLE
  LABEL                             VALUE 

RA1                               00000001
RA2                               00000002
RA3                               00000003
RA4                               00000004
RA5                               00000005
RA6                               00000006
RA7                               00000007
RB0                               00000000
RB1                               00000001
RB2                               00000002
RB3                               00000003
RB4                               00000004
RB5                               00000005
RB6                               00000006
RB7                               00000007
RBIE                              00000003
RBIF                              00000000
RC0                               00000000
RC1                               00000001
RC2                               00000002
RC3                               00000003
RC4                               00000004
RC5                               00000005
RC6                               00000006
RC7                               00000007
RC8_9                             00000006
RC9                               00000006
RCD8                              00000000
RCEN                              00000003
RCIDL                             00000006
RCIE                              00000005
RCIF                              00000005
RCREG                             0000001A
RCSTA                             00000018
RD                                00000000
RD0                               00000000
RD1                               00000001
RD2                               00000002
RD3                               00000003
RD4                               00000004
RD5                               00000005
RD6                               00000006
RD7                               00000007
RE0                               00000000
RE1                               00000001
RE2                               00000002
RE3                               00000003
READ_WRITE                        00000002
RP0                               00000005
RP1                               00000006
RSEN                              00000001
RX9                               00000006
RX9D                              00000000
MPASM  5.51                          MAIN.ASM   2-11-2020  12:05:09         PAGE 13


SYMBOL TABLE
  LABEL                             VALUE 

R_NOT_W                           00000002
R_W                               00000002
RotinaInicializacao               00000074
S                                 00000003
SBOREN                            00000004
SCKP                              00000004
SCS                               00000000
SEN                               00000000
SENDB                             00000003
SMP                               00000007
SPBRG                             00000099
SPBRGH                            0000009A
SPEN                              00000007
SR0                               00000006
SR1                               00000007
SRCON                             00000185
SREN                              00000005
SSPADD                            00000093
SSPBUF                            00000013
SSPCON                            00000014
SSPCON2                           00000091
SSPEN                             00000005
SSPIE                             00000003
SSPIF                             00000003
SSPM0                             00000000
SSPM1                             00000001
SSPM2                             00000002
SSPM3                             00000003
SSPMSK                            00000093
SSPOV                             00000006
SSPSTAT                           00000094
STATUS                            00000003
STRA                              00000000
STRB                              00000001
STRC                              00000002
STRD                              00000003
STRSYNC                           00000004
SWDTEN                            00000000
SYNC                              00000004
SorteiaNumero                     0000003F
Start                             00000016
StoreNumber                       00000051
T0CS                              00000005
T0IE                              00000005
T0IF                              00000002
T0SE                              00000004
T1CKPS0                           00000004
T1CKPS1                           00000005
T1CON                             00000010
T1GINV                            00000007
T1GIV                             00000007
T1GSS                             00000001
T1INSYNC                          00000002
MPASM  5.51                          MAIN.ASM   2-11-2020  12:05:09         PAGE 14


SYMBOL TABLE
  LABEL                             VALUE 

T1OSCEN                           00000003
T1SYNC                            00000002
T2CKPS0                           00000000
T2CKPS1                           00000001
T2CON                             00000012
TMR0                              00000001
TMR0IE                            00000005
TMR0IF                            00000002
TMR0_50MS                         0000003D
TMR1                              0000000E
TMR1CS                            00000001
TMR1GE                            00000006
TMR1H                             0000000F
TMR1IE                            00000000
TMR1IF                            00000000
TMR1L                             0000000E
TMR1ON                            00000000
TMR2                              00000011
TMR2IE                            00000001
TMR2IF                            00000001
TMR2ON                            00000002
TOUTPS0                           00000003
TOUTPS1                           00000004
TOUTPS2                           00000005
TOUTPS3                           00000006
TRISA                             00000085
TRISA0                            00000000
TRISA1                            00000001
TRISA2                            00000002
TRISA3                            00000003
TRISA4                            00000004
TRISA5                            00000005
TRISA6                            00000006
TRISA7                            00000007
TRISB                             00000086
TRISB0                            00000000
TRISB1                            00000001
TRISB2                            00000002
TRISB3                            00000003
TRISB4                            00000004
TRISB5                            00000005
TRISB6                            00000006
TRISB7                            00000007
TRISC                             00000087
TRISC0                            00000000
TRISC1                            00000001
TRISC2                            00000002
TRISC3                            00000003
TRISC4                            00000004
TRISC5                            00000005
TRISC6                            00000006
TRISC7                            00000007
TRISD                             00000088
MPASM  5.51                          MAIN.ASM   2-11-2020  12:05:09         PAGE 15


SYMBOL TABLE
  LABEL                             VALUE 

TRISD0                            00000000
TRISD1                            00000001
TRISD2                            00000002
TRISD3                            00000003
TRISD4                            00000004
TRISD5                            00000005
TRISD6                            00000006
TRISD7                            00000007
TRISE                             00000089
TRISE0                            00000000
TRISE1                            00000001
TRISE2                            00000002
TRISE3                            00000003
TRMT                              00000001
TUN0                              00000000
TUN1                              00000001
TUN2                              00000002
TUN3                              00000003
TUN4                              00000004
TX8_9                             00000006
TX9                               00000006
TX9D                              00000000
TXD8                              00000000
TXEN                              00000005
TXIE                              00000004
TXIF                              00000004
TXREG                             00000019
TXSTA                             00000098
Timer0Interrupt                   0000000B
UA                                00000001
ULPWUE                            00000005
ULPWUIE                           00000002
ULPWUIF                           00000002
VCFG0                             00000004
VCFG1                             00000005
VR0                               00000000
VR1                               00000001
VR2                               00000002
VR3                               00000003
VRCON                             00000097
VREN                              00000007
VROE                              00000006
VRR                               00000005
VRSS                              00000004
W                                 00000000
WCOL                              00000007
WDTCON                            00000105
WDTPS0                            00000001
WDTPS1                            00000002
WDTPS2                            00000003
WDTPS3                            00000004
WPUB                              00000095
WPUB0                             00000000
MPASM  5.51                          MAIN.ASM   2-11-2020  12:05:09         PAGE 16


SYMBOL TABLE
  LABEL                             VALUE 

WPUB1                             00000001
WPUB2                             00000002
WPUB3                             00000003
WPUB4                             00000004
WPUB5                             00000005
WPUB6                             00000006
WPUB7                             00000007
WR                                00000001
WREN                              00000002
WRERR                             00000003
WUE                               00000001
Z                                 00000002
_BOR21V                           00003EFF
_BOR40V                           00003FFF
_BOR4V_BOR21V                     00003EFF
_BOR4V_BOR40V                     00003FFF
_BOREN_NSLEEP                     00003EFF
_BOREN_OFF                        00003CFF
_BOREN_ON                         00003FFF
_BOREN_SBODEN                     00003DFF
_BOR_NSLEEP                       00003EFF
_BOR_OFF                          00003CFF
_BOR_ON                           00003FFF
_BOR_SBODEN                       00003DFF
_CONFIG1                          00002007
_CONFIG2                          00002008
_CPD_OFF                          00003FFF
_CPD_ON                           00003F7F
_CP_OFF                           00003FFF
_CP_ON                            00003FBF
_DEBUG_OFF                        00003FFF
_DEBUG_ON                         00001FFF
_DEVID1                           00002006
_EC_OSC                           00003FFB
_EXTRC                            00003FFF
_EXTRCIO                          00003FFE
_EXTRC_OSC_CLKOUT                 00003FFF
_EXTRC_OSC_NOCLKOUT               00003FFE
_FCMEN_OFF                        000037FF
_FCMEN_ON                         00003FFF
_FOSC_EC                          00003FFB
_FOSC_EXTRC_CLKOUT                00003FFF
_FOSC_EXTRC_NOCLKOUT              00003FFE
_FOSC_HS                          00003FFA
_FOSC_INTRC_CLKOUT                00003FFD
_FOSC_INTRC_NOCLKOUT              00003FFC
_FOSC_LP                          00003FF8
_FOSC_XT                          00003FF9
_HS_OSC                           00003FFA
_IDLOC0                           00002000
_IDLOC1                           00002001
_IDLOC2                           00002002
_IDLOC3                           00002003
MPASM  5.51                          MAIN.ASM   2-11-2020  12:05:09         PAGE 17


SYMBOL TABLE
  LABEL                             VALUE 

_IESO_OFF                         00003BFF
_IESO_ON                          00003FFF
_INTOSC                           00003FFD
_INTOSCIO                         00003FFC
_INTRC_OSC_CLKOUT                 00003FFD
_INTRC_OSC_NOCLKOUT               00003FFC
_LP_OSC                           00003FF8
_LVP_OFF                          00002FFF
_LVP_ON                           00003FFF
_MCLRE_OFF                        00003FDF
_MCLRE_ON                         00003FFF
_PWRTE_OFF                        00003FFF
_PWRTE_ON                         00003FEF
_WDTE_OFF                         00003FF7
_WDTE_ON                          00003FFF
_WDT_OFF                          00003FF7
_WDT_ON                           00003FFF
_WRT_1FOURTH                      00003BFF
_WRT_256                          00003DFF
_WRT_HALF                         000039FF
_WRT_OFF                          00003FFF
_XT_OSC                           00003FF9
__16F887                          00000001
__DEBUG                           1
_status                           00000024
_wreg                             00000023
button                            PORTB, RB0
cnt_1                             00000021
cnt_2                             00000022
current_move                      0000002D
last_input                        0000002B
last_move                         0000002A
led_cnt                           00000020
level                             00000027
move                              00000029
sequency                          00000028
timeout                           0000002C
timer_counter_500ms               00000026
timer_counter_5s                  00000025


MEMORY USAGE MAP ('X' = Used,  '-' = Unused)

0000 : X---XXXXXXXXXXXX XXXXXXXXXXXXXXXX XXXXXXXXXXXXXXXX XXXXXXXXXXXXXXXX
0040 : XXXXXXXXXXXXXXXX XXXXXXXXXXXXXXXX XXXXXXXXXXXXXXXX XXXXXXXXXXXXXXXX
0080 : XXXXXXXXXXXXXXXX XXXXXXXXXXXXXXXX XXXXX----------- ----------------
MPASM  5.51                          MAIN.ASM   2-11-2020  12:05:09         PAGE 18


MEMORY USAGE MAP ('X' = Used,  '-' = Unused)


2000 : -------XX------- ---------------- ---------------- ----------------

All other memory blocks unused.

Program Memory Words Used:   162
Program Memory Words Free:  8030


Errors   :     0
Warnings :    11 reported,     0 suppressed
Messages :     9 reported,     0 suppressed

