Warning[205] C:\USERS\PEDRO CELSO MIRANDA\DESKTOP\MICROCONTROLADORES\REPO\SIMON_GAME\CODE\MAIN.ASM 3 : Found directive in column 1. (list)
Warning[205] C:\USERS\PEDRO CELSO MIRANDA\DESKTOP\MICROCONTROLADORES\REPO\SIMON_GAME\CODE\MAIN.ASM 4 : Found directive in column 1. (__CONFIG)
Warning[205] C:\USERS\PEDRO CELSO MIRANDA\DESKTOP\MICROCONTROLADORES\REPO\SIMON_GAME\CODE\MAIN.ASM 5 : Found directive in column 1. (__CONFIG)
Warning[207] C:\USERS\PEDRO CELSO MIRANDA\DESKTOP\MICROCONTROLADORES\REPO\SIMON_GAME\CODE\MAIN.ASM 26 : Found label after column 1. (HARD_TIMEOUT)
Warning[207] C:\USERS\PEDRO CELSO MIRANDA\DESKTOP\MICROCONTROLADORES\REPO\SIMON_GAME\CODE\MAIN.ASM 27 : Found label after column 1. (EASY_TIMEOUT)
Warning[207] C:\USERS\PEDRO CELSO MIRANDA\DESKTOP\MICROCONTROLADORES\REPO\SIMON_GAME\CODE\MAIN.ASM 28 : Found label after column 1. (MOVE_BASE_ADDR)
Warning[207] C:\USERS\PEDRO CELSO MIRANDA\DESKTOP\MICROCONTROLADORES\REPO\SIMON_GAME\CODE\MAIN.ASM 29 : Found label after column 1. (TMR0_50MS)
Warning[207] C:\USERS\PEDRO CELSO MIRANDA\DESKTOP\MICROCONTROLADORES\REPO\SIMON_GAME\CODE\MAIN.ASM 30 : Found label after column 1. (LED_RED)
Warning[207] C:\USERS\PEDRO CELSO MIRANDA\DESKTOP\MICROCONTROLADORES\REPO\SIMON_GAME\CODE\MAIN.ASM 31 : Found label after column 1. (LED_YELLOW)
Warning[207] C:\USERS\PEDRO CELSO MIRANDA\DESKTOP\MICROCONTROLADORES\REPO\SIMON_GAME\CODE\MAIN.ASM 32 : Found label after column 1. (LED_GREEN)
Warning[207] C:\USERS\PEDRO CELSO MIRANDA\DESKTOP\MICROCONTROLADORES\REPO\SIMON_GAME\CODE\MAIN.ASM 33 : Found label after column 1. (LED_BLUE)
Message[302] C:\USERS\PEDRO CELSO MIRANDA\DESKTOP\MICROCONTROLADORES\REPO\SIMON_GAME\CODE\MAIN.ASM 72 : Register in operand not in bank 0.  Ensure that bank bits are correct.
Message[302] C:\USERS\PEDRO CELSO MIRANDA\DESKTOP\MICROCONTROLADORES\REPO\SIMON_GAME\CODE\MAIN.ASM 74 : Register in operand not in bank 0.  Ensure that bank bits are correct.
Message[302] C:\USERS\PEDRO CELSO MIRANDA\DESKTOP\MICROCONTROLADORES\REPO\SIMON_GAME\CODE\MAIN.ASM 75 : Register in operand not in bank 0.  Ensure that bank bits are correct.
Message[302] C:\USERS\PEDRO CELSO MIRANDA\DESKTOP\MICROCONTROLADORES\REPO\SIMON_GAME\CODE\MAIN.ASM 77 : Register in operand not in bank 0.  Ensure that bank bits are correct.
Message[302] C:\USERS\PEDRO CELSO MIRANDA\DESKTOP\MICROCONTROLADORES\REPO\SIMON_GAME\CODE\MAIN.ASM 79 : Register in operand not in bank 0.  Ensure that bank bits are correct.
Message[302] C:\USERS\PEDRO CELSO MIRANDA\DESKTOP\MICROCONTROLADORES\REPO\SIMON_GAME\CODE\MAIN.ASM 88 : Register in operand not in bank 0.  Ensure that bank bits are correct.
Message[302] C:\USERS\PEDRO CELSO MIRANDA\DESKTOP\MICROCONTROLADORES\REPO\SIMON_GAME\CODE\MAIN.ASM 90 : Register in operand not in bank 0.  Ensure that bank bits are correct.
Message[305] C:\USERS\PEDRO CELSO MIRANDA\DESKTOP\MICROCONTROLADORES\REPO\SIMON_GAME\CODE\MAIN.ASM 128 : Using default destination of 1 (file).
Message[305] C:\USERS\PEDRO CELSO MIRANDA\DESKTOP\MICROCONTROLADORES\REPO\SIMON_GAME\CODE\MAIN.ASM 197 : Using default destination of 1 (file).
